C:\USERS\DELL\DOCUMENTS\VISUAL STUDIO 2010\PROJECTS\IGRAPHICS\DEBUG\IGRAPHICS.EXE
C:\USERS\DELL\DOCUMENTS\VISUAL STUDIO 2010\PROJECTS\IGRAPHICS\DEBUG\IGRAPHICS.ILK
C:\USERS\DELL\DOCUMENTS\VISUAL STUDIO 2010\PROJECTS\IGRAPHICS\DEBUG\IGRAPHICS.PDB
C:\USERS\DELL\DOCUMENTS\VISUAL STUDIO 2010\PROJECTS\IGRAPHICS\IGRAPHICS\DEBUG\BALLDEMO.OBJ
C:\Users\Dell\Documents\Visual Studio 2010\Projects\IGraphics\IGraphics\Debug\cl.command.1.tlog
C:\Users\Dell\Documents\Visual Studio 2010\Projects\IGraphics\IGraphics\Debug\CL.read.1.tlog
C:\Users\Dell\Documents\Visual Studio 2010\Projects\IGraphics\IGraphics\Debug\CL.write.1.tlog
C:\USERS\DELL\DOCUMENTS\VISUAL STUDIO 2010\PROJECTS\IGRAPHICS\IGRAPHICS\DEBUG\DIGITALWATCH.OBJ
C:\USERS\DELL\DOCUMENTS\VISUAL STUDIO 2010\PROJECTS\IGRAPHICS\IGRAPHICS\DEBUG\IGRAPHICS.EXE.INTERMEDIATE.MANIFEST
C:\Users\Dell\Documents\Visual Studio 2010\Projects\IGraphics\IGraphics\Debug\IGraphics.vcxprojResolveAssemblyReference.cache
C:\Users\Dell\Documents\Visual Studio 2010\Projects\IGraphics\IGraphics\Debug\IGraphics.write.1.tlog
C:\Users\Dell\Documents\Visual Studio 2010\Projects\IGraphics\IGraphics\Debug\link.command.1.tlog
C:\Users\Dell\Documents\Visual Studio 2010\Projects\IGraphics\IGraphics\Debug\link.read.1.tlog
C:\Users\Dell\Documents\Visual Studio 2010\Projects\IGraphics\IGraphics\Debug\link.write.1.tlog
C:\USERS\DELL\DOCUMENTS\VISUAL STUDIO 2010\PROJECTS\IGRAPHICS\IGRAPHICS\DEBUG\MOUSEDEMO.OBJ
C:\Users\Dell\Documents\Visual Studio 2010\Projects\IGraphics\IGraphics\Debug\mt.command.1.tlog
C:\Users\Dell\Documents\Visual Studio 2010\Projects\IGraphics\IGraphics\Debug\mt.read.1.tlog
C:\Users\Dell\Documents\Visual Studio 2010\Projects\IGraphics\IGraphics\Debug\mt.write.1.tlog
C:\USERS\DELL\DOCUMENTS\VISUAL STUDIO 2010\PROJECTS\IGRAPHICS\IGRAPHICS\DEBUG\PICTUREDEMO.OBJ
C:\Users\Dell\Documents\Visual Studio 2010\Projects\IGraphics\IGraphics\Debug\vc100.idb
C:\USERS\DELL\DOCUMENTS\VISUAL STUDIO 2010\PROJECTS\IGRAPHICS\IGRAPHICS\DEBUG\VC100.PDB
C:\USERS\DELL\DOCUMENTS\VISUAL STUDIO 2010\PROJECTS\IGRAPHICS\IGRAPHICS\DEBUG\WATCH.OBJ
C:\WINDOWS\MICROSOFT.NET\FRAMEWORK\V2.0.50727\MSCORWKS.DLL
D:\DOWLOADS\IGRAPHICS\DEBUG\IGRAPHICS.EXE
D:\DOWLOADS\IGRAPHICS\DEBUG\IGRAPHICS.ILK
D:\DOWLOADS\IGRAPHICS\DEBUG\IGRAPHICS.PDB
D:\DOWLOADS\IGRAPHICS\IGRAPHICS\DEBUG\IGRAPHICS.EXE.INTERMEDIATE.MANIFEST
D:\DOWLOADS\IGRAPHICS\IGRAPHICS\DEBUG\VC100.PDB
D:\DOWLOADS\IGRAPHICS\IGRAPHICS\DEBUG\WATCH.OBJ
